<?xml version="1.0" encoding="UTF-8"?>
<testng-results ignored="0" total="1" passed="1" failed="0" skipped="0">
  <reporter-output>
  </reporter-output>
  <suite started-at="2023-08-06T09:33:59 IST" name="Suite" finished-at="2023-08-06T09:34:34 IST" duration-ms="35198">
    <groups>
    </groups>
    <test started-at="2023-08-06T09:33:59 IST" name="Test" finished-at="2023-08-06T09:34:34 IST" duration-ms="35198">
      <class name="mavenproject.SimplePro">
        <test-method signature="m()[pri:0, instance:mavenproject.SimplePro@41e36e46]" started-at="2023-08-06T09:33:59 IST" name="m" finished-at="2023-08-06T09:34:34 IST" duration-ms="35138" status="PASS">
          <reporter-output>
          </reporter-output>
        </test-method> <!-- m -->
      </class> <!-- mavenproject.SimplePro -->
    </test> <!-- Test -->
  </suite> <!-- Suite -->
</testng-results>
